Using pre-set license
Built from '2020.3/staging' branch; Version is '2020.3.0f1 (c7b5465681fb) revision 13088070'; Using compiler version '192528614'; Build Type 'Release'
OS: 'Windows 10 Pro; OS build 15063.13; Version 1703; 64bit' Language: 'en' Physical Memory: 15749 MB
BatchMode: 1, IsHumanControllingUs: 0, StartBugReporterOnCrash: 0, Is64bit: 1, IsPro: 0

 COMMAND LINE ARGUMENTS:
C:\Program Files\Unity\Hub\Editor\2020.3.0f1\Editor\Unity.exe
-adb2
-batchMode
-noUpm
-name
AssetImportWorker0
-projectPath
E:/faks/thesis/version2.0/VR_Fixing_Diplopia
-logFile
Logs/AssetImportWorker0.log
-srvPort
56346
Successfully changed project path to: E:/faks/thesis/version2.0/VR_Fixing_Diplopia
E:/faks/thesis/version2.0/VR_Fixing_Diplopia
Using Asset Import Pipeline V2.
Refreshing native plugins compatible for Editor in 52.44 ms, found 12 plugins.
Preloading 2 native plugins for Editor in 1.25 ms.
Initialize engine version: 2020.3.0f1 (c7b5465681fb)
[Subsystems] Discovering subsystems at path C:/Program Files/Unity/Hub/Editor/2020.3.0f1/Editor/Data/Resources/UnitySubsystems
[Subsystems] Discovering subsystems at path E:/faks/thesis/version2.0/VR_Fixing_Diplopia/Assets
GfxDevice: creating device client; threaded=0
Direct3D:
    Version:  Direct3D 11.0 [level 11.1]
    Renderer: Intel(R) HD Graphics 520 (ID=0x1916)
    Vendor:   
    VRAM:     7874 MB
    Driver:   25.20.100.6576
Initialize mono
Mono path[0] = 'C:/Program Files/Unity/Hub/Editor/2020.3.0f1/Editor/Data/Managed'
Mono path[1] = 'C:/Program Files/Unity/Hub/Editor/2020.3.0f1/Editor/Data/MonoBleedingEdge/lib/mono/unityjit'
Mono config path = 'C:/Program Files/Unity/Hub/Editor/2020.3.0f1/Editor/Data/MonoBleedingEdge/etc'
Using monoOptions --debugger-agent=transport=dt_socket,embedding=1,server=y,suspend=n,address=127.0.0.1:56492
Begin MonoManager ReloadAssembly
Registering precompiled unity dll's ...
Register platform support module: C:/Program Files/Unity/Hub/Editor/2020.3.0f1/Editor/Data/PlaybackEngines/WindowsStandaloneSupport/UnityEditor.WindowsStandalone.Extensions.dll
Register platform support module: C:/Program Files/Unity/Hub/Editor/2020.3.0f1/Editor/Data/PlaybackEngines/LuminSupport/UnityEditor.Lumin.Extensions.dll
Registered in 0.001463 seconds.
Native extension for Lumin target not found
Native extension for WindowsStandalone target not found
Refreshing native plugins compatible for Editor in 50.80 ms, found 12 plugins.
Preloading 2 native plugins for Editor in 0.11 ms.
Invoked RoslynAnalysisRunner static constructor.
RoslynAnalysisRunner will not be running.
RoslynAnalysisRunner has terminated.
Mono: successfully reloaded assembly
- Completed reload, in  2.239 seconds
Platform modules already initialized, skipping
Registering precompiled user dll's ...
Registered in 0.003699 seconds.
Begin MonoManager ReloadAssembly
Native extension for Lumin target not found
Native extension for WindowsStandalone target not found
Refreshing native plugins compatible for Editor in 0.71 ms, found 12 plugins.
Preloading 2 native plugins for Editor in 0.11 ms.
Invoked RoslynAnalysisRunner static constructor.
RoslynAnalysisRunner will not be running.
RoslynAnalysisRunner has terminated.
[XR] OculusXRPlugin: registering subsystems
[XR] Unable to register display lifecyle provider: [1]
[XR] Oculus Input lifecycle provider registered.
[XR] Unable to register input lifecyle provider: [1]
NullReferenceException: Object reference not set to an instance of an object
  at Unity.XR.Oculus.OculusLoader.AssetPathToAbsolutePath (System.String assetPath) [0x00048] in E:\faks\thesis\version2.0\Diplopia\Library\PackageCache\com.unity.xr.oculus@1.8.1\Runtime\OculusLoader.cs:243 
  at Unity.XR.Oculus.OculusLoader.EditorLoadOVRPlugin () [0x0007b] in E:\faks\thesis\version2.0\Diplopia\Library\PackageCache\com.unity.xr.oculus@1.8.1\Runtime\OculusLoader.cs:228 

(Filename: E:/faks/thesis/version2.0/Diplopia/Library/PackageCache/com.unity.xr.oculus@1.8.1/Runtime/OculusLoader.cs Line: 243)

Mono: successfully reloaded assembly
- Completed reload, in  1.037 seconds
Platform modules already initialized, skipping
========================================================================
Worker process is ready to serve import requests
Launched and connected shader compiler UnityShaderCompiler.exe after 0.03 seconds
Refreshing native plugins compatible for Editor in 0.70 ms, found 12 plugins.
Preloading 2 native plugins for Editor in 0.09 ms.
Unloading 1647 Unused Serialized files (Serialized files now loaded: 0)
System memory in use before: 77.0 MB.
System memory in use after: 77.0 MB.

Unloading 14 unused Assets to reduce memory usage. Loaded Objects now: 2088.
Total: 2.100101 ms (FindLiveObjects: 0.222359 ms CreateObjectMapping: 0.063179 ms MarkObjects: 1.693537 ms  DeleteObjects: 0.119795 ms)

========================================================================
Received Import Request.
  path: Assets/Smartphone
  artifactKey: Guid(c2497c1f804e59b4495924b4b646a58f) Importer(815301076,1909f56bfc062723c751e8b465ee728b)
Start importing Assets/Smartphone using Guid(c2497c1f804e59b4495924b4b646a58f) Importer(815301076,1909f56bfc062723c751e8b465ee728b)  -> (artifact id: '9195b32772d15b07f18193a1a2055de2') in 0.003509 seconds
  Import took 0.006417 seconds .

========================================================================
Received Import Request.
  Time since last request: 0.000376 seconds.
  path: Assets/Smartphone/smartphone.prefab
  artifactKey: Guid(42db2464346d91c47b812288879592f1) Importer(815301076,1909f56bfc062723c751e8b465ee728b)
Start importing Assets/Smartphone/smartphone.prefab using Guid(42db2464346d91c47b812288879592f1) Importer(815301076,1909f56bfc062723c751e8b465ee728b)  -> (artifact id: 'f02bf81d6c35b81dbca983698198093c') in 0.778460 seconds
  Import took 0.798985 seconds .

========================================================================
Received Import Request.
  Time since last request: 0.000358 seconds.
  path: Assets/Smartphone/smartphone_screen.jpg
  artifactKey: Guid(9d60262e41ffc3b4aa3b8e53643b334b) Importer(815301076,1909f56bfc062723c751e8b465ee728b)
Start importing Assets/Smartphone/smartphone_screen.jpg using Guid(9d60262e41ffc3b4aa3b8e53643b334b) Importer(815301076,1909f56bfc062723c751e8b465ee728b)  -> (artifact id: 'fea64fda21554f03c6f62adcfae95165') in 0.039349 seconds
  Import took 0.043696 seconds .

========================================================================
Received Import Request.
  Time since last request: 0.000173 seconds.
  path: Assets/Smartphone/smartphone_d.jpg
  artifactKey: Guid(2641e463111fc41468d3192e1fd2946e) Importer(815301076,1909f56bfc062723c751e8b465ee728b)
Start importing Assets/Smartphone/smartphone_d.jpg using Guid(2641e463111fc41468d3192e1fd2946e) Importer(815301076,1909f56bfc062723c751e8b465ee728b)  -> (artifact id: '3f3ad4d79f4fe0c7e2c54569d827f31e') in 0.042389 seconds
  Import took 0.048121 seconds .

========================================================================
Received Import Request.
  Time since last request: 0.000196 seconds.
  path: Assets/Smartphone/smartphone.FBX
  artifactKey: Guid(4e9bb637798979a4ca9e30741b7e2c77) Importer(815301076,1909f56bfc062723c751e8b465ee728b)
Start importing Assets/Smartphone/smartphone.FBX using Guid(4e9bb637798979a4ca9e30741b7e2c77) Importer(815301076,1909f56bfc062723c751e8b465ee728b)  -> (artifact id: '695ee16f6a5a2f83af291acf1f935788') in 0.059758 seconds
  Import took 0.063352 seconds .

========================================================================
Received Import Request.
  Time since last request: 0.000224 seconds.
  path: Assets/Smartphone/screen.mat
  artifactKey: Guid(d4fc12dc9beafa44e9f614b7b6ef70c7) Importer(815301076,1909f56bfc062723c751e8b465ee728b)
Start importing Assets/Smartphone/screen.mat using Guid(d4fc12dc9beafa44e9f614b7b6ef70c7) Importer(815301076,1909f56bfc062723c751e8b465ee728b)  -> (artifact id: 'e8f47e514b2031eeb1ad9a3947e18298') in 0.038097 seconds
  Import took 0.041241 seconds .

========================================================================
Received Import Request.
  Time since last request: 0.000258 seconds.
  path: Assets/Smartphone/smartphone.mat
  artifactKey: Guid(4fb885b0b011ab44b82a6408dd6842d6) Importer(815301076,1909f56bfc062723c751e8b465ee728b)
Start importing Assets/Smartphone/smartphone.mat using Guid(4fb885b0b011ab44b82a6408dd6842d6) Importer(815301076,1909f56bfc062723c751e8b465ee728b)  -> (artifact id: 'dc65ac4329da0986fa673bf728bd8ec5') in 0.127711 seconds
  Import took 0.149185 seconds .

========================================================================
Received Import Request.
  Time since last request: 0.000194 seconds.
  path: Assets/Smartphone/smartphone_ao.tga
  artifactKey: Guid(0ffa4db0d1986dc40aeab4ada94a1679) Importer(815301076,1909f56bfc062723c751e8b465ee728b)
Start importing Assets/Smartphone/smartphone_ao.tga using Guid(0ffa4db0d1986dc40aeab4ada94a1679) Importer(815301076,1909f56bfc062723c751e8b465ee728b)  -> (artifact id: 'db5a9f0067dc43f71e364a4f31a83eba') in 0.021621 seconds
  Import took 0.029112 seconds .

========================================================================
Received Import Request.
  Time since last request: 0.000491 seconds.
  path: Assets/Smartphone/smartphone_s.tga
  artifactKey: Guid(e72c489740867f849a9a02c973f5f9d2) Importer(815301076,1909f56bfc062723c751e8b465ee728b)
Start importing Assets/Smartphone/smartphone_s.tga using Guid(e72c489740867f849a9a02c973f5f9d2) Importer(815301076,1909f56bfc062723c751e8b465ee728b)  -> (artifact id: '2003982e39df90a5a71f55ccdf747b61') in 0.029420 seconds
  Import took 0.039241 seconds .

========================================================================
Received Import Request.
  Time since last request: 0.000213 seconds.
  path: Assets/Smartphone/smartphone_mask.jpg
  artifactKey: Guid(3e7f145e17b0aae40b1d33f9edbcafd6) Importer(815301076,1909f56bfc062723c751e8b465ee728b)
Start importing Assets/Smartphone/smartphone_mask.jpg using Guid(3e7f145e17b0aae40b1d33f9edbcafd6) Importer(815301076,1909f56bfc062723c751e8b465ee728b)  -> (artifact id: '0601a19136aba3672ff8f88fcd8b048b') in 0.056869 seconds
  Import took 0.063082 seconds .

========================================================================
Received Import Request.
  Time since last request: 0.000207 seconds.
  path: Assets/Smartphone/smartphone_n.tga
  artifactKey: Guid(d67fec32a0f33184dbab2ed7d58108be) Importer(815301076,1909f56bfc062723c751e8b465ee728b)
Start importing Assets/Smartphone/smartphone_n.tga using Guid(d67fec32a0f33184dbab2ed7d58108be) Importer(815301076,1909f56bfc062723c751e8b465ee728b)  -> (artifact id: 'bc6b191fa528165ee30e95cdb7a3d398') in 0.065591 seconds
  Import took 0.071220 seconds .

========================================================================
Received Import Request.
  Time since last request: 201.395803 seconds.
  path: Assets/Smartphone/smartphone.prefab
  artifactKey: Guid(42db2464346d91c47b812288879592f1) Importer(815301076,1909f56bfc062723c751e8b465ee728b)
Start importing Assets/Smartphone/smartphone.prefab using Guid(42db2464346d91c47b812288879592f1) Importer(815301076,1909f56bfc062723c751e8b465ee728b)  -> (artifact id: '6ca4e9f2fa16e47117d234b4bfc5fe40') in 0.188095 seconds
  Import took 0.204077 seconds .

========================================================================
Received Import Request.
  Time since last request: 0.651420 seconds.
  path: Assets/Smartphone/smartphone.prefab
  artifactKey: Guid(42db2464346d91c47b812288879592f1) Importer(815301076,1909f56bfc062723c751e8b465ee728b)
Start importing Assets/Smartphone/smartphone.prefab using Guid(42db2464346d91c47b812288879592f1) Importer(815301076,1909f56bfc062723c751e8b465ee728b)  -> (artifact id: '2b378de18a8eeaf8958ee7632ca084a1') in 0.185626 seconds
  Import took 0.199624 seconds .

========================================================================
Received Import Request.
  Time since last request: 6.782177 seconds.
  path: Assets/Smartphone/smartphone.prefab
  artifactKey: Guid(42db2464346d91c47b812288879592f1) Importer(815301076,1909f56bfc062723c751e8b465ee728b)
Start importing Assets/Smartphone/smartphone.prefab using Guid(42db2464346d91c47b812288879592f1) Importer(815301076,1909f56bfc062723c751e8b465ee728b)  -> (artifact id: 'cabebfb9554f26bad8d3ac876cd0e70e') in 0.133575 seconds
  Import took 0.146168 seconds .

========================================================================
Received Import Request.
  Time since last request: 410.286742 seconds.
  path: Assets/SteamVR/InteractionSystem
  artifactKey: Guid(c8941a9f98c35d84cb19a5e044467de9) Importer(815301076,1909f56bfc062723c751e8b465ee728b)
Start importing Assets/SteamVR/InteractionSystem using Guid(c8941a9f98c35d84cb19a5e044467de9) Importer(815301076,1909f56bfc062723c751e8b465ee728b)  -> (artifact id: '1818d4a485319987f0b10c665f3967a0') in 0.001753 seconds
  Import took 0.007897 seconds .

========================================================================
Received Import Request.
  Time since last request: 3.235060 seconds.
  path: Assets/SteamVR/Prefabs
  artifactKey: Guid(3e2543c4beea3eb4e9ea1e02a4bc2df2) Importer(815301076,1909f56bfc062723c751e8b465ee728b)
Start importing Assets/SteamVR/Prefabs using Guid(3e2543c4beea3eb4e9ea1e02a4bc2df2) Importer(815301076,1909f56bfc062723c751e8b465ee728b)  -> (artifact id: '4a314783a60027e3c7570e138b715d4c') in 0.002386 seconds
  Import took 0.007810 seconds .

========================================================================
Received Import Request.
  Time since last request: 0.002624 seconds.
  path: Assets/SteamVR/Prefabs
  artifactKey: Guid(3e2543c4beea3eb4e9ea1e02a4bc2df2) Importer(815301076,1909f56bfc062723c751e8b465ee728b)
Start importing Assets/SteamVR/Prefabs using Guid(3e2543c4beea3eb4e9ea1e02a4bc2df2) Importer(815301076,1909f56bfc062723c751e8b465ee728b)  -> (artifact id: '4a314783a60027e3c7570e138b715d4c') in 0.001963 seconds
  Import took 0.007195 seconds .

========================================================================
Received Import Request.
  Time since last request: 0.082606 seconds.
  path: Assets/SteamVR/Prefabs/[Status].prefab
  artifactKey: Guid(255333d57084e4e46b3d948279746a47) Importer(815301076,1909f56bfc062723c751e8b465ee728b)
Start importing Assets/SteamVR/Prefabs/[Status].prefab using Guid(255333d57084e4e46b3d948279746a47) Importer(815301076,1909f56bfc062723c751e8b465ee728b)  -> (artifact id: 'b4986b3be38b4b44e6a39d2f768dd9c5') in 0.010245 seconds
  Import took 0.013593 seconds .

========================================================================
Received Import Request.
  Time since last request: 0.000541 seconds.
  path: Assets/SteamVR/Prefabs/vr_glove_right_model_slim.prefab
  artifactKey: Guid(6def53d002137b747aec0b29551e0e25) Importer(815301076,1909f56bfc062723c751e8b465ee728b)
Start importing Assets/SteamVR/Prefabs/vr_glove_right_model_slim.prefab using Guid(6def53d002137b747aec0b29551e0e25) Importer(815301076,1909f56bfc062723c751e8b465ee728b)  -> (artifact id: '19df277a027d389381ae128a8573594a') in 0.355428 seconds
  Import took 0.358864 seconds .

========================================================================
Received Import Request.
  Time since last request: 0.000294 seconds.
  path: Assets/SteamVR/Prefabs/vr_hand_floppy_left.prefab
  artifactKey: Guid(85d52d9937d11064295294895b28d068) Importer(815301076,1909f56bfc062723c751e8b465ee728b)
Start importing Assets/SteamVR/Prefabs/vr_hand_floppy_left.prefab using Guid(85d52d9937d11064295294895b28d068) Importer(815301076,1909f56bfc062723c751e8b465ee728b)  -> (artifact id: 'aaf4b09b041edd90a0d3df47f294e9d7') in 0.068737 seconds
  Import took 0.072399 seconds .

========================================================================
Received Import Request.
  Time since last request: 0.000385 seconds.
  path: Assets/SteamVR/Prefabs/vr_hand_alien_left.prefab
  artifactKey: Guid(78cacad1b5fb93349a980d2189b52b89) Importer(815301076,1909f56bfc062723c751e8b465ee728b)
Start importing Assets/SteamVR/Prefabs/vr_hand_alien_left.prefab using Guid(78cacad1b5fb93349a980d2189b52b89) Importer(815301076,1909f56bfc062723c751e8b465ee728b)  -> (artifact id: '33a4fcb4223d98363b46ceef4f2013e4') in 0.028771 seconds
  Import took 0.033229 seconds .

========================================================================
Received Import Request.
  Time since last request: 0.000491 seconds.
  path: Assets/SteamVR/Prefabs/vr_glove_right.prefab
  artifactKey: Guid(5dc81ef5cae96304586abbc6e4b5beb8) Importer(815301076,1909f56bfc062723c751e8b465ee728b)
Start importing Assets/SteamVR/Prefabs/vr_glove_right.prefab using Guid(5dc81ef5cae96304586abbc6e4b5beb8) Importer(815301076,1909f56bfc062723c751e8b465ee728b)  -> (artifact id: 'e185c765f4c2710ceec8c86148d86399') in 0.026033 seconds
  Import took 0.031025 seconds .

========================================================================
Received Import Request.
  Time since last request: 0.000275 seconds.
  path: Assets/SteamVR/Prefabs/vr_hand_floppy_right.prefab
  artifactKey: Guid(48a64ca49a112494fa864087de12b75c) Importer(815301076,1909f56bfc062723c751e8b465ee728b)
Start importing Assets/SteamVR/Prefabs/vr_hand_floppy_right.prefab using Guid(48a64ca49a112494fa864087de12b75c) Importer(815301076,1909f56bfc062723c751e8b465ee728b)  -> (artifact id: '0d772279ecd02c8ef028c832e488fbfc') in 0.034222 seconds
  Import took 0.039168 seconds .

========================================================================
Received Import Request.
  Time since last request: 0.000120 seconds.
  path: Assets/SteamVR/Prefabs/[SteamVR].prefab
  artifactKey: Guid(4f35fa249b5008c44ac2998be6f82d4d) Importer(815301076,1909f56bfc062723c751e8b465ee728b)
Start importing Assets/SteamVR/Prefabs/[SteamVR].prefab using Guid(4f35fa249b5008c44ac2998be6f82d4d) Importer(815301076,1909f56bfc062723c751e8b465ee728b)  -> (artifact id: 'e42c83379a3014fb7efa251e12fb8d51') in 0.004901 seconds
  Import took 0.009589 seconds .

========================================================================
Received Import Request.
  Time since last request: 0.000195 seconds.
  path: Assets/SteamVR/Prefabs/vr_hand_alien_right.prefab
  artifactKey: Guid(a2330dd3e2bcb44428f727270af1d625) Importer(815301076,1909f56bfc062723c751e8b465ee728b)
Start importing Assets/SteamVR/Prefabs/vr_hand_alien_right.prefab using Guid(a2330dd3e2bcb44428f727270af1d625) Importer(815301076,1909f56bfc062723c751e8b465ee728b)  -> (artifact id: 'f8f40e904adf68ec904103a6422407de') in 0.032580 seconds
  Import took 0.037724 seconds .

========================================================================
Received Import Request.
  Time since last request: 0.000178 seconds.
  path: Assets/SteamVR/Prefabs/vr_glove_left_model_slim.prefab
  artifactKey: Guid(638779290bce1af49b356f33dcc6fccf) Importer(815301076,1909f56bfc062723c751e8b465ee728b)
Start importing Assets/SteamVR/Prefabs/vr_glove_left_model_slim.prefab using Guid(638779290bce1af49b356f33dcc6fccf) Importer(815301076,1909f56bfc062723c751e8b465ee728b)  -> (artifact id: '5d1b1e1f4708c0f22932425b4f5fd1d1') in 0.028800 seconds
  Import took 0.033115 seconds .

========================================================================
Received Import Request.
  Time since last request: 0.000191 seconds.
  path: Assets/SteamVR/Prefabs/vr_glove_left.prefab
  artifactKey: Guid(057574477c20401448aba7c848873712) Importer(815301076,1909f56bfc062723c751e8b465ee728b)
Start importing Assets/SteamVR/Prefabs/vr_glove_left.prefab using Guid(057574477c20401448aba7c848873712) Importer(815301076,1909f56bfc062723c751e8b465ee728b)  -> (artifact id: 'fd1bdc2e252625e0b7a84336084b291c') in 0.027310 seconds
  Import took 0.031425 seconds .

========================================================================
Received Import Request.
  Time since last request: 2089.645182 seconds.
  path: Assets/Smartphone/demo.unity
  artifactKey: Guid(b9befef1aadb3724d903c717c5a06ee7) Importer(815301076,1909f56bfc062723c751e8b465ee728b)
Start importing Assets/Smartphone/demo.unity using Guid(b9befef1aadb3724d903c717c5a06ee7) Importer(815301076,1909f56bfc062723c751e8b465ee728b)  -> (artifact id: '4f9481671058724d59a82e00de11b689') in 0.005061 seconds
  Import took 0.009910 seconds .

========================================================================
Received Import Request.
  Time since last request: 0.713244 seconds.
  path: Assets/Smartphone/demoSettings.lighting
  artifactKey: Guid(7efb250cf9f92894ead3d3c71bc3d570) Importer(815301076,1909f56bfc062723c751e8b465ee728b)
Start importing Assets/Smartphone/demoSettings.lighting using Guid(7efb250cf9f92894ead3d3c71bc3d570) Importer(815301076,1909f56bfc062723c751e8b465ee728b)  -> (artifact id: 'cae764342d88288081b35026056c0542') in 0.003911 seconds
  Import took 0.008690 seconds .

========================================================================
Received Import Request.
  Time since last request: 0.007015 seconds.
  path: Assets/Smartphone/demoSettings.lighting
  artifactKey: Guid(7efb250cf9f92894ead3d3c71bc3d570) Importer(815301076,1909f56bfc062723c751e8b465ee728b)
Start importing Assets/Smartphone/demoSettings.lighting using Guid(7efb250cf9f92894ead3d3c71bc3d570) Importer(815301076,1909f56bfc062723c751e8b465ee728b)  -> (artifact id: 'cae764342d88288081b35026056c0542') in 0.003030 seconds
  Import took 0.007121 seconds .

AssetImportWorkerClient::OnTransportError - code=2 error=End of file
